2024-11-20 14:18:04,305 - main - INFO - Starting vessel segmentation for case: PA005_ct
2024-11-20 14:18:04,308 - main - INFO - Running standard pipeline
2024-11-20 14:18:04,309 - vessel_seg_PA005_ct - INFO - Initializing segmenter with config: {'scale_range': {'min_vessel_size': 0.5, 'max_vessel_size': 14.0, 'num_scales': 2}, 'frangi_filter': {'alpha': 0.5, 'beta': 0.5, 'c': 500}, 'scale_integration': {'method': 'max', 'weights': [0.1, 0.2, 0.3, 0.4, 0.5, 0.6, 0.7, 0.8, 0.9, 1.0, 0.9, 0.8, 0.7, 0.6, 0.5]}}
2024-11-20 14:18:04,309 - vessel_segmentation.processing.segmentation - INFO - VesselSegmenter received config: {'scale_range': {'min_vessel_size': 0.5, 'max_vessel_size': 14.0, 'num_scales': 2}, 'frangi_filter': {'alpha': 0.5, 'beta': 0.5, 'c': 500}, 'scale_integration': {'method': 'max', 'weights': [0.1, 0.2, 0.3, 0.4, 0.5, 0.6, 0.7, 0.8, 0.9, 1.0, 0.9, 0.8, 0.7, 0.6, 0.5]}}
2024-11-20 14:18:04,309 - vessel_segmentation.processing.segmentation - INFO - Initialized VesselSegmenter with parameters: min_size=0.5, max_size=14.0, num_scales=2
2024-11-20 14:18:04,309 - vessel_seg_PA005_ct - INFO - Starting vessel segmentation for case PA005_ct
2024-11-20 14:18:04,309 - vessel_seg_PA005_ct - INFO - Using existing preprocessed data
2024-11-20 14:18:05,425 - vessel_seg_PA005_ct - INFO - Loaded preprocessed data: shape=(552, 552, 430), voxel_size=0.6mm
2024-11-20 14:18:05,425 - vessel_seg_PA005_ct - INFO - Computing vesselness
2024-11-20 14:18:55,883 - vessel_segmentation.core.hessian_processor - INFO - Computing Hessian at scale 0.4166666666666667
2024-11-20 14:42:26,511 - vessel_segmentation.core.hessian_processor - INFO - Computing Hessian at scale 11.66666666666667
2024-11-20 15:06:47,290 - vessel_segmentation.processing.vessel_particles - INFO - Found 2 scales in particle data
2024-11-20 15:06:48,056 - vessel_segmentation.processing.vessel_particles - INFO - Found 0 vessel points above threshold
2024-11-20 15:06:51,534 - vessel_segmentation.processing.vessel_particles - INFO - Successfully extracted vessel particles
2024-11-20 15:06:51,561 - vessel_segmentation.processing.vessel_particles - ERROR - Error saving particle system: 'VesselParticleSystem' object has no attribute 'output_dir'
2024-11-20 15:06:51,562 - vessel_segmentation.processing.segmentation - ERROR - Error computing vesselness: 'VesselParticleSystem' object has no attribute 'output_dir'
2024-11-20 15:06:51,562 - vessel_seg_PA005_ct - ERROR - Pipeline failed: 'VesselParticleSystem' object has no attribute 'output_dir'
2024-11-20 15:06:51,562 - main - ERROR - Error during processing: 'VesselParticleSystem' object has no attribute 'output_dir'
Traceback (most recent call last):
  File "/Users/xiaz9n/Dropbox/CCHMCProjects/PVD_VesselProject/VesselSeg/vessel_segmentation_project/main.py", line 136, in main
    results = pipeline.run()
  File "/Users/xiaz9n/Dropbox/CCHMCProjects/PVD_VesselProject/VesselSeg/vessel_segmentation_project/vessel_segmentation/pipeline.py", line 152, in run
    vesselness, eigenvalues, vessel_particles = self.segmenter.compute_vesselness(
  File "/Users/xiaz9n/Dropbox/CCHMCProjects/PVD_VesselProject/VesselSeg/vessel_segmentation_project/vessel_segmentation/processing/segmentation.py", line 107, in compute_vesselness
    particle_system.save_particle_system(vessel_particles, "vessel_particles")
  File "/Users/xiaz9n/Dropbox/CCHMCProjects/PVD_VesselProject/VesselSeg/vessel_segmentation_project/vessel_segmentation/processing/vessel_particles.py", line 191, in save_particle_system
    output_path = self.output_dir / f"{case_id}_vessel_particles.vtp"
AttributeError: 'VesselParticleSystem' object has no attribute 'output_dir'
