2024-11-20 19:43:42,206 - main - INFO - Starting vessel segmentation for case: PA005_ct
2024-11-20 19:43:42,209 - main - INFO - Running standard pipeline
2024-11-20 19:43:42,209 - vessel_seg_PA005_ct - INFO - Initializing segmenter with config: {'scale_range': {'min_vessel_size': 0.5, 'max_vessel_size': 14.0, 'num_scales': 1}, 'frangi_filter': {'alpha': 0.5, 'beta': 0.5, 'c': 500}, 'scale_integration': {'method': 'max', 'weights': [0.1, 0.2, 0.3, 0.4, 0.5, 0.6, 0.7, 0.8, 0.9, 1.0, 0.9, 0.8, 0.7, 0.6, 0.5]}}
2024-11-20 19:43:42,209 - vessel_segmentation.processing.segmentation - INFO - VesselSegmenter received config: {'scale_range': {'min_vessel_size': 0.5, 'max_vessel_size': 14.0, 'num_scales': 1}, 'frangi_filter': {'alpha': 0.5, 'beta': 0.5, 'c': 500}, 'scale_integration': {'method': 'max', 'weights': [0.1, 0.2, 0.3, 0.4, 0.5, 0.6, 0.7, 0.8, 0.9, 1.0, 0.9, 0.8, 0.7, 0.6, 0.5]}}
2024-11-20 19:43:42,210 - vessel_segmentation.processing.segmentation - INFO - Initialized VesselSegmenter with parameters: min_size=0.5, max_size=14.0, num_scales=1
2024-11-20 19:43:42,210 - vessel_seg_PA005_ct - INFO - Starting vessel segmentation for case PA005_ct
2024-11-20 19:43:42,210 - vessel_seg_PA005_ct - INFO - Using existing preprocessed data
2024-11-20 19:43:43,387 - vessel_seg_PA005_ct - INFO - Loaded preprocessed data: shape=(552, 552, 430), voxel_size=0.6mm
2024-11-20 19:43:43,387 - vessel_seg_PA005_ct - INFO - Computing vesselness
2024-11-20 19:44:32,652 - vessel_segmentation.core.hessian_processor - INFO - Computing Hessian at scale 0.4166666666666667
2024-11-20 20:07:28,467 - vessel_segmentation.processing.vessel_particles - INFO - Found 1 scales in particle data
2024-11-20 20:07:28,898 - vessel_segmentation.processing.vessel_particles - INFO - Found 0 vessel points above threshold
2024-11-20 20:07:32,371 - vessel_segmentation.processing.vessel_particles - INFO - Successfully extracted vessel particles
2024-11-20 20:07:32,393 - vessel_segmentation.processing.vessel_particles - ERROR - Error saving particle system: unsupported operand type(s) for /: 'NoneType' and 'str'
2024-11-20 20:07:32,393 - vessel_segmentation.processing.segmentation - ERROR - Error computing vesselness: unsupported operand type(s) for /: 'NoneType' and 'str'
2024-11-20 20:07:32,394 - vessel_seg_PA005_ct - ERROR - Pipeline failed: unsupported operand type(s) for /: 'NoneType' and 'str'
2024-11-20 20:07:32,394 - main - ERROR - Error during processing: unsupported operand type(s) for /: 'NoneType' and 'str'
Traceback (most recent call last):
  File "/Users/xiaz9n/Dropbox/CCHMCProjects/PVD_VesselProject/VesselSeg/vessel_segmentation_project/main.py", line 136, in main
    results = pipeline.run()
  File "/Users/xiaz9n/Dropbox/CCHMCProjects/PVD_VesselProject/VesselSeg/vessel_segmentation_project/vessel_segmentation/pipeline.py", line 152, in run
    vesselness, eigenvalues, vessel_particles = self.segmenter.compute_vesselness(
  File "/Users/xiaz9n/Dropbox/CCHMCProjects/PVD_VesselProject/VesselSeg/vessel_segmentation_project/vessel_segmentation/processing/segmentation.py", line 107, in compute_vesselness
    particle_system.save_particle_system(vessel_particles, "vessel_particles")
  File "/Users/xiaz9n/Dropbox/CCHMCProjects/PVD_VesselProject/VesselSeg/vessel_segmentation_project/vessel_segmentation/processing/vessel_particles.py", line 191, in save_particle_system
    output_path = self.output_dir / f"{case_id}_vessel_particles.vtp"
TypeError: unsupported operand type(s) for /: 'NoneType' and 'str'
